app/build/intermediates/manifest_merge_blame_file/debug/manifest-merger-blame-debug-report.txt
1<?xml version="1.0" encoding="utf-8"?>
2<manifest xmlns:android="http://schemas.android.com/apk/res/android"
3    package="com.calorie"
4    android:versionCode="1"
5    android:versionName="1.0" >
6
7    <uses-sdk
7-->src\main\AndroidManifest.xml:9:5-11:41
8        android:minSdkVersion="14"
8-->src\main\AndroidManifest.xml:9:5-11:41
9        android:targetSdkVersion="24" />
9-->src\main\AndroidManifest.xml:11:9-38
10
11    <uses-permission android:name="android.permission.ACCESS_NETWORK_STATE" >
11-->src\main\AndroidManifest.xml:45:5-46:23
11-->src\main\AndroidManifest.xml:45:22-76
12    </uses-permission>
13    <uses-permission android:name="android.permission.INTERNET" >
13-->src\main\AndroidManifest.xml:47:5-48:23
13-->src\main\AndroidManifest.xml:47:22-64
14    </uses-permission>
15    <uses-permission android:name="com.android.launcher.permission.READ_SETTINGS" />
15-->src\main\AndroidManifest.xml:49:5-85
15-->src\main\AndroidManifest.xml:49:22-82
16    <uses-permission android:name="android.permission.WAKE_LOCK" >
16-->src\main\AndroidManifest.xml:50:5-51:23
16-->src\main\AndroidManifest.xml:50:22-65
17    </uses-permission>
18    <uses-permission android:name="android.permission.CHANGE_WIFI_STATE" />
18-->src\main\AndroidManifest.xml:52:5-76
18-->src\main\AndroidManifest.xml:52:22-73
19    <uses-permission android:name="android.permission.ACCESS_WIFI_STATE" />
19-->src\main\AndroidManifest.xml:53:5-76
19-->src\main\AndroidManifest.xml:53:22-73
20    <!-- SDK1.5需要android.permission.GET_TASKS权限判断本程序是否为当前运行的应用? -->
21    <uses-permission android:name="android.permission.GET_TASKS" />
21-->src\main\AndroidManifest.xml:55:5-68
21-->src\main\AndroidManifest.xml:55:22-65
22    <uses-permission android:name="android.permission.WRITE_EXTERNAL_STORAGE" >
22-->src\main\AndroidManifest.xml:56:5-57:23
22-->src\main\AndroidManifest.xml:56:22-78
23    </uses-permission>
24    <uses-permission android:name="android.permission.WRITE_SETTINGS" />
24-->src\main\AndroidManifest.xml:58:5-59:47
24-->src\main\AndroidManifest.xml:58:22-70
25    <!-- 这个权限用于进行网络定位 -->
26    <uses-permission android:name="android.permission.ACCESS_COARSE_LOCATION" >
26-->src\main\AndroidManifest.xml:61:5-62:23
26-->src\main\AndroidManifest.xml:61:22-78
27    </uses-permission>
28    <!-- 这个权限用于访问GPS定位 -->
29    <uses-permission android:name="android.permission.ACCESS_FINE_LOCATION" >
29-->src\main\AndroidManifest.xml:64:5-65:23
29-->src\main\AndroidManifest.xml:64:22-76
30    </uses-permission>
31    <!-- 用于访问wifi网络信息，wifi信息会用于进行网络定位 -->
32    <uses-permission android:name="android.permission.ACCESS_WIFI_STATE" >
32-->src\main\AndroidManifest.xml:53:5-76
32-->src\main\AndroidManifest.xml:53:22-73
33    </uses-permission>
34    <!-- 获取运营商信息，用于支持提供运营商信息相关的接口 -->
35    <uses-permission android:name="android.permission.ACCESS_NETWORK_STATE" >
35-->src\main\AndroidManifest.xml:45:5-46:23
35-->src\main\AndroidManifest.xml:45:22-76
36    </uses-permission>
37    <!-- 这个权限用于获取wifi的获取权限，wifi信息会用来进行网络定位 -->
38    <uses-permission android:name="android.permission.CHANGE_WIFI_STATE" >
38-->src\main\AndroidManifest.xml:52:5-76
38-->src\main\AndroidManifest.xml:52:22-73
39    </uses-permission>
40    <!-- 用于读取手机当前的状态 -->
41    <uses-permission android:name="android.permission.READ_PHONE_STATE" >
41-->src\main\AndroidManifest.xml:76:5-77:23
41-->src\main\AndroidManifest.xml:76:22-72
42    </uses-permission>
43    <!-- 写入扩展存储，向扩展卡写入数据，用于写入离线定位数据 -->
44    <uses-permission android:name="android.permission.WRITE_EXTERNAL_STORAGE" >
44-->src\main\AndroidManifest.xml:56:5-57:23
44-->src\main\AndroidManifest.xml:56:22-78
45    </uses-permission>
46    <!-- 访问网络，网络定位需要上网 -->
47    <uses-permission android:name="android.permission.INTERNET" />
47-->src\main\AndroidManifest.xml:47:5-48:23
47-->src\main\AndroidManifest.xml:47:22-64
48    <!-- SD卡读取权限，用户写入离线定位数据 -->
49    <uses-permission android:name="android.permission.MOUNT_UNMOUNT_FILESYSTEMS" >
49-->src\main\AndroidManifest.xml:84:5-86:23
49-->src\main\AndroidManifest.xml:84:22-81
50    </uses-permission>
51    <!-- 允许应用读取低级别的系统日志文件 -->
52    <uses-permission android:name="android.permission.READ_LOGS" >
52-->src\main\AndroidManifest.xml:88:5-90:23
52-->src\main\AndroidManifest.xml:88:22-65
53    </uses-permission>
54
55    <application
55-->src\main\AndroidManifest.xml:13:5-43:19
56        android:name="Calorie.GlobalApplication"
56-->src\main\AndroidManifest.xml:14:9-49
57        android:allowBackup="true"
57-->src\main\AndroidManifest.xml:15:9-35
58        android:debuggable="true"
59        android:icon="@drawable/icon"
59-->src\main\AndroidManifest.xml:16:9-38
60        android:label="calorie"
60-->src\main\AndroidManifest.xml:17:9-32
61        android:testOnly="true"
62        android:theme="@style/AppTheme" >
62-->src\main\AndroidManifest.xml:18:9-40
63
64        <!-- 申请key -->
65        <meta-data
65-->src\main\AndroidManifest.xml:21:9-23:64
66            android:name="com.baidu.lbsapi.API_KEY"
66-->src\main\AndroidManifest.xml:22:13-52
67            android:value="KyGLNzeT1HZTA7FNojDqZ8jVWLu4Qkgb" />
67-->src\main\AndroidManifest.xml:23:13-61
68
69        <activity
69-->src\main\AndroidManifest.xml:25:9-33:20
70            android:name="Calorie.MainActivity"
70-->src\main\AndroidManifest.xml:26:13-48
71            android:label="fu" >
71-->src\main\AndroidManifest.xml:27:13-31
72            <intent-filter>
72-->src\main\AndroidManifest.xml:28:13-32:29
73                <action android:name="android.intent.action.MAIN" />
73-->src\main\AndroidManifest.xml:29:17-69
73-->src\main\AndroidManifest.xml:29:25-66
74
75                <category android:name="android.intent.category.LAUNCHER" />
75-->src\main\AndroidManifest.xml:31:17-77
75-->src\main\AndroidManifest.xml:31:27-74
76            </intent-filter>
77        </activity>
78
79        <service android:name="Calorie.AccelerometerSensorService" >
79-->src\main\AndroidManifest.xml:35:9-36:19
79-->src\main\AndroidManifest.xml:35:18-67
80        </service>
81        <service
81-->src\main\AndroidManifest.xml:38:9-42:19
82            android:name="com.baidu.location.f"
82-->src\main\AndroidManifest.xml:39:13-48
83            android:enabled="true"
83-->src\main\AndroidManifest.xml:40:13-35
84            android:process=":remote" >
84-->src\main\AndroidManifest.xml:41:13-38
85        </service>
86    </application>
87
88</manifest>